<?xml version="1.0" encoding="UTF-8"?>
<Site BuildName="Win32-ninja"
	BuildStamp="20220620-1136-Experimental"
	Name="DESKTOP-55RQJCL"
	Generator="ctest-3.23.2"
	CompilerName="E:/msys64/mingw64/bin/g++.exe"
	CompilerVersion="12.1.0"
	OSName="Windows"
	Hostname="DESKTOP-55RQJCL"
	OSRelease=" Professional"
	OSVersion=" (Build 19044)"
	OSPlatform="AMD64"
	Is64Bits="1"
	VendorString="AuthenticAMD"
	VendorID="Advanced Micro Devices"
	FamilyID="15"
	ModelID="1"
	ProcessorCacheSize="64"
	NumberOfLogicalCPU="16"
	NumberOfPhysicalCPU="8"
	TotalVirtualMemory="33713"
	TotalPhysicalMemory="16305"
	LogicalProcessorsPerPhysical="2"
	ProcessorClockFrequency="3600"
	>
	<Testing>
		<StartDateTime>Jun 20 15:24 Ð¤Ð¸Ð½Ð»ÑÐ½Ð´Ð¸Ñ (Ð»ÐµÑÐ¾)</StartDateTime>
		<StartTestTime>1655727848</StartTestTime>
		<TestList>
			<Test>./test/Length_of_an_array_is_correct</Test>
		</TestList>
		<Test Status="failed">
			<Name>Length of an array is correct</Name>
			<Path>./test</Path>
			<FullName>./test/Length_of_an_array_is_correct</FullName>
			<FullCommandLine>E:\labs\ListImplementation\bin\testing.exe "Length of an array is correct"</FullCommandLine>
			<Results>
				<NamedMeasurement type="text/string" name="Exit Code">
					<Value>Exit code 0xc0000135
</Value>
				</NamedMeasurement>
				<NamedMeasurement type="text/string" name="Exit Value">
					<Value>3221225781</Value>
				</NamedMeasurement>
				<NamedMeasurement type="numeric/double" name="Execution Time">
					<Value>0.0129918</Value>
				</NamedMeasurement>
				<NamedMeasurement type="numeric/double" name="Processors">
					<Value>1</Value>
				</NamedMeasurement>
				<NamedMeasurement type="text/string" name="Completion Status">
					<Value>Completed</Value>
				</NamedMeasurement>
				<NamedMeasurement type="text/string" name="Command Line">
					<Value>E:\labs\ListImplementation\bin\testing.exe "Length of an array is correct"</Value>
				</NamedMeasurement>
				<NamedMeasurement type="text/string" name="Environment">
					<Value>#CTEST_RESOURCE_GROUP_COUNT=</Value>
				</NamedMeasurement>
				<Measurement>
					<Value></Value>
				</Measurement>
			</Results>
		</Test>
		<EndDateTime>Jun 20 15:24 Ð¤Ð¸Ð½Ð»ÑÐ½Ð´Ð¸Ñ (Ð»ÐµÑÐ¾)</EndDateTime>
		<EndTestTime>1655727848</EndTestTime>
		<ElapsedMinutes>0</ElapsedMinutes>
	</Testing>
</Site>
